{"/Users/filtnessj/Desktop/barebones-react-redux/api/index.js": {"path":"/Users/filtnessj/Desktop/barebones-react-redux/api/index.js","statementMap":{"0":{"start":{"line":2,"column":2},"end":{"line":5,"column":7}},"1":{"start":{"line":4,"column":6},"end":{"line":4,"column":29}}},"fnMap":{"0":{"name":"apiCall","decl":{"start":{"line":1,"column":16},"end":{"line":1,"column":23}},"loc":{"start":{"line":1,"column":26},"end":{"line":6,"column":1}},"line":1},"1":{"name":"(anonymous_1)","decl":{"start":{"line":3,"column":11},"end":{"line":3,"column":12}},"loc":{"start":{"line":3,"column":25},"end":{"line":5,"column":6}},"line":3}},"branchMap":{},"s":{"0":0,"1":0},"f":{"0":0,"1":0},"b":{},"_coverageSchema":"332fd63041d2c1bcb487cc26dd0d5f7d97098a6c","hash":"625e258fc533502087aa26353b2b3cd96f05c59a"}
,"/Users/filtnessj/Desktop/barebones-react-redux/app/actions/index.js": {"path":"/Users/filtnessj/Desktop/barebones-react-redux/app/actions/index.js","statementMap":{"0":{"start":{"line":2,"column":4},"end":{"line":5,"column":5}},"1":{"start":{"line":9,"column":4},"end":{"line":12,"column":5}},"2":{"start":{"line":16,"column":4},"end":{"line":19,"column":5}},"3":{"start":{"line":23,"column":2},"end":{"line":26,"column":3}}},"fnMap":{"0":{"name":"toggleTodo","decl":{"start":{"line":1,"column":16},"end":{"line":1,"column":26}},"loc":{"start":{"line":1,"column":31},"end":{"line":6,"column":1}},"line":1},"1":{"name":"deleteTodo","decl":{"start":{"line":8,"column":16},"end":{"line":8,"column":26}},"loc":{"start":{"line":8,"column":31},"end":{"line":13,"column":1}},"line":8},"2":{"name":"addTodo","decl":{"start":{"line":15,"column":16},"end":{"line":15,"column":23}},"loc":{"start":{"line":15,"column":30},"end":{"line":20,"column":1}},"line":15},"3":{"name":"receivePosts","decl":{"start":{"line":22,"column":16},"end":{"line":22,"column":28}},"loc":{"start":{"line":22,"column":36},"end":{"line":27,"column":1}},"line":22}},"branchMap":{},"s":{"0":0,"1":0,"2":0,"3":2},"f":{"0":0,"1":0,"2":0,"3":2},"b":{},"_coverageSchema":"332fd63041d2c1bcb487cc26dd0d5f7d97098a6c","hash":"57ea0085dd9674c841dac138035e23ac72e06543"}
,"/Users/filtnessj/Desktop/barebones-react-redux/app/constants/action-types.js": {"path":"/Users/filtnessj/Desktop/barebones-react-redux/app/constants/action-types.js","statementMap":{"0":{"start":{"line":1,"column":33},"end":{"line":1,"column":52}}},"fnMap":{},"branchMap":{},"s":{"0":1},"f":{},"b":{},"_coverageSchema":"332fd63041d2c1bcb487cc26dd0d5f7d97098a6c","hash":"481b9a64ae1380c01979eb90a6dafb7246cae006"}
,"/Users/filtnessj/Desktop/barebones-react-redux/app/sagas/get-posts/index.js": {"path":"/Users/filtnessj/Desktop/barebones-react-redux/app/sagas/get-posts/index.js","statementMap":{"0":{"start":{"line":7,"column":2},"end":{"line":12,"column":3}},"1":{"start":{"line":8,"column":21},"end":{"line":8,"column":40}},"2":{"start":{"line":9,"column":4},"end":{"line":9,"column":46}},"3":{"start":{"line":11,"column":4},"end":{"line":11,"column":51}},"4":{"start":{"line":17,"column":2},"end":{"line":17,"column":47}}},"fnMap":{"0":{"name":"getPosts","decl":{"start":{"line":6,"column":17},"end":{"line":6,"column":25}},"loc":{"start":{"line":6,"column":28},"end":{"line":13,"column":1}},"line":6},"1":{"name":"watchGetPosts","decl":{"start":{"line":15,"column":17},"end":{"line":15,"column":30}},"loc":{"start":{"line":15,"column":39},"end":{"line":18,"column":1}},"line":15}},"branchMap":{},"s":{"0":1,"1":1,"2":1,"3":0,"4":1},"f":{"0":1,"1":1},"b":{},"_coverageSchema":"332fd63041d2c1bcb487cc26dd0d5f7d97098a6c","hash":"120a9421817c1ade5859ab841c661f350513e7c8"}
,"/Users/filtnessj/Desktop/barebones-react-redux/test/jest.config.js": {"path":"/Users/filtnessj/Desktop/barebones-react-redux/test/jest.config.js","statementMap":{"0":{"start":{"line":6,"column":0},"end":{"line":6,"column":45}},"1":{"start":{"line":8,"column":0},"end":{"line":8,"column":25}},"2":{"start":{"line":9,"column":0},"end":{"line":9,"column":21}},"3":{"start":{"line":11,"column":14},"end":{"line":11,"column":30}},"4":{"start":{"line":13,"column":18},"end":{"line":13,"column":23}},"5":{"start":{"line":15,"column":21},"end":{"line":15,"column":43}},"6":{"start":{"line":16,"column":0},"end":{"line":16,"column":27}},"7":{"start":{"line":17,"column":0},"end":{"line":17,"column":37}},"8":{"start":{"line":18,"column":0},"end":{"line":18,"column":43}}},"fnMap":{},"branchMap":{},"s":{"0":1,"1":1,"2":1,"3":1,"4":1,"5":1,"6":1,"7":1,"8":1},"f":{},"b":{},"_coverageSchema":"332fd63041d2c1bcb487cc26dd0d5f7d97098a6c","hash":"bb7bb083efde5915c5392471a94ab2b5ac4c9399"}
}
