TN:
SF:/Users/filtnessj/Desktop/barebones-react-redux/api/index.js
FN:1,apiCall
FN:3,(anonymous_1)
FNF:2
FNH:0
FNDA:0,apiCall
FNDA:0,(anonymous_1)
DA:2,0
DA:4,0
LF:2
LH:0
BRF:0
BRH:0
end_of_record
TN:
SF:/Users/filtnessj/Desktop/barebones-react-redux/app/actions/index.js
FN:1,toggleTodo
FN:8,deleteTodo
FN:15,addTodo
FN:22,receivePosts
FNF:4
FNH:1
FNDA:0,toggleTodo
FNDA:0,deleteTodo
FNDA:0,addTodo
FNDA:2,receivePosts
DA:2,0
DA:9,0
DA:16,0
DA:23,2
LF:4
LH:1
BRF:0
BRH:0
end_of_record
TN:
SF:/Users/filtnessj/Desktop/barebones-react-redux/app/constants/action-types.js
FNF:0
FNH:0
DA:1,1
LF:1
LH:1
BRF:0
BRH:0
end_of_record
TN:
SF:/Users/filtnessj/Desktop/barebones-react-redux/app/sagas/get-posts/index.js
FN:6,getPosts
FN:15,watchGetPosts
FNF:2
FNH:2
FNDA:1,getPosts
FNDA:1,watchGetPosts
DA:7,1
DA:8,1
DA:9,1
DA:11,0
DA:17,1
LF:5
LH:4
BRF:0
BRH:0
end_of_record
TN:
SF:/Users/filtnessj/Desktop/barebones-react-redux/test/jest.config.js
FNF:0
FNH:0
DA:6,1
DA:8,1
DA:9,1
DA:11,1
DA:13,1
DA:15,1
DA:16,1
DA:17,1
DA:18,1
LF:9
LH:9
BRF:0
BRH:0
end_of_record
